<?xml version="1.0" encoding="UTF-8"?>
<testng-results skipped="0" failed="0" ignored="0" total="2" passed="2">
  <reporter-output>
  </reporter-output>
  <suite name="TestAll" duration-ms="14245" started-at="2019-02-13T05:05:34Z" finished-at="2019-02-13T05:05:48Z">
    <groups>
      <group name="cucumber">
        <method signature="AbstractTestNGCucumberTests.feature(cucumber.api.testng.CucumberFeatureWrapper)[pri:0, instance:com.bdd.runner.TestNGRunner1@66a3ffec]" name="feature" class="cucumber.api.testng.AbstractTestNGCucumberTests"/>
        <method signature="AbstractTestNGCucumberTests.feature(cucumber.api.testng.CucumberFeatureWrapper)[pri:0, instance:com.bdd.runner.TestNGRunner1@77cd7a0]" name="feature" class="cucumber.api.testng.AbstractTestNGCucumberTests"/>
      </group> <!-- cucumber -->
    </groups>
    <test name="Window1" duration-ms="14111" started-at="2019-02-13T05:05:34Z" finished-at="2019-02-13T05:05:48Z">
      <class name="com.bdd.runner.TestNGRunner1">
        <test-method status="PASS" signature="setUpClass()[pri:0, instance:com.bdd.runner.TestNGRunner1@66a3ffec]" name="setUpClass" is-config="true" duration-ms="354" started-at="2019-02-13T00:05:34Z" finished-at="2019-02-13T00:05:35Z">
          <reporter-output>
          </reporter-output>
        </test-method> <!-- setUpClass -->
        <test-method status="PASS" signature="setup()[pri:0, instance:com.bdd.runner.TestNGRunner1@66a3ffec]" name="setup" is-config="true" duration-ms="0" started-at="2019-02-13T00:05:35Z" finished-at="2019-02-13T00:05:35Z">
          <reporter-output>
          </reporter-output>
        </test-method> <!-- setup -->
        <test-method status="PASS" signature="feature(cucumber.api.testng.CucumberFeatureWrapper)[pri:0, instance:com.bdd.runner.TestNGRunner1@66a3ffec]" name="feature" duration-ms="13026" started-at="2019-02-13T00:05:35Z" description="Runs Cucumber Feature" data-provider="features" finished-at="2019-02-13T00:05:48Z">
          <params>
            <param index="0">
              <value>
                <![CDATA[login and search room in hotel application]]>
              </value>
            </param>
          </params>
          <reporter-output>
          </reporter-output>
        </test-method> <!-- feature -->
        <test-method status="PASS" signature="tearDownClass()[pri:0, instance:com.bdd.runner.TestNGRunner1@66a3ffec]" name="tearDownClass" is-config="true" duration-ms="607" started-at="2019-02-13T00:05:48Z" finished-at="2019-02-13T00:05:48Z">
          <reporter-output>
          </reporter-output>
        </test-method> <!-- tearDownClass -->
        <test-method status="PASS" signature="extReport()[pri:0, instance:com.bdd.runner.TestNGRunner1@66a3ffec]" name="extReport" is-config="true" duration-ms="0" started-at="2019-02-13T00:05:48Z" finished-at="2019-02-13T00:05:48Z">
          <reporter-output>
          </reporter-output>
        </test-method> <!-- extReport -->
        <test-method status="PASS" signature="test()[pri:0, instance:com.bdd.runner.TestNGRunner1@66a3ffec]" name="test" is-config="true" duration-ms="0" started-at="2019-02-13T00:05:48Z" finished-at="2019-02-13T00:05:48Z">
          <reporter-output>
          </reporter-output>
        </test-method> <!-- test -->
      </class> <!-- com.bdd.runner.TestNGRunner1 -->
    </test> <!-- Window1 -->
    <test name="Window2" duration-ms="14245" started-at="2019-02-13T05:05:34Z" finished-at="2019-02-13T05:05:48Z">
      <class name="com.bdd.runner.TestNGRunner1">
        <test-method status="PASS" signature="setUpClass()[pri:0, instance:com.bdd.runner.TestNGRunner1@77cd7a0]" name="setUpClass" is-config="true" duration-ms="354" started-at="2019-02-13T00:05:34Z" finished-at="2019-02-13T00:05:35Z">
          <reporter-output>
          </reporter-output>
        </test-method> <!-- setUpClass -->
        <test-method status="PASS" signature="setup()[pri:0, instance:com.bdd.runner.TestNGRunner1@77cd7a0]" name="setup" is-config="true" duration-ms="0" started-at="2019-02-13T00:05:35Z" finished-at="2019-02-13T00:05:35Z">
          <reporter-output>
          </reporter-output>
        </test-method> <!-- setup -->
        <test-method status="PASS" signature="feature(cucumber.api.testng.CucumberFeatureWrapper)[pri:0, instance:com.bdd.runner.TestNGRunner1@77cd7a0]" name="feature" duration-ms="13064" started-at="2019-02-13T00:05:35Z" description="Runs Cucumber Feature" data-provider="features" finished-at="2019-02-13T00:05:48Z">
          <params>
            <param index="0">
              <value>
                <![CDATA[login and search room in hotel application]]>
              </value>
            </param>
          </params>
          <reporter-output>
          </reporter-output>
        </test-method> <!-- feature -->
        <test-method status="PASS" signature="extReport()[pri:0, instance:com.bdd.runner.TestNGRunner1@77cd7a0]" name="extReport" is-config="true" duration-ms="0" started-at="2019-02-13T00:05:48Z" finished-at="2019-02-13T00:05:48Z">
          <reporter-output>
          </reporter-output>
        </test-method> <!-- extReport -->
        <test-method status="PASS" signature="tearDownClass()[pri:0, instance:com.bdd.runner.TestNGRunner1@77cd7a0]" name="tearDownClass" is-config="true" duration-ms="711" started-at="2019-02-13T00:05:48Z" finished-at="2019-02-13T00:05:48Z">
          <reporter-output>
          </reporter-output>
        </test-method> <!-- tearDownClass -->
        <test-method status="PASS" signature="test()[pri:0, instance:com.bdd.runner.TestNGRunner1@77cd7a0]" name="test" is-config="true" duration-ms="0" started-at="2019-02-13T00:05:48Z" finished-at="2019-02-13T00:05:48Z">
          <reporter-output>
          </reporter-output>
        </test-method> <!-- test -->
      </class> <!-- com.bdd.runner.TestNGRunner1 -->
    </test> <!-- Window2 -->
  </suite> <!-- TestAll -->
</testng-results>
